<?xml version="1.0" encoding="UTF-8"?>
<!-- Generated by org.testng.reporters.JUnitReportReporter -->
<testsuite hostname="LAPTOP-24GL9J8M" failures="0" tests="1" name="testCases.Loginapplication" time="14.807" errors="0" timestamp="2021-10-03T10:21:33 EDT" skipped="0">
  <testcase classname="testCases.Loginapplication" name="login" time="14.807"/>
  <system-out/>
</testsuite> <!-- testCases.Loginapplication -->
